Daily update Sat Feb 28 04:23:33 UTC 2026
Sat Feb 28 09:27:25 UTC 2026
Sat Feb 28 09:37:06 UTC 2026
Sat Feb 28 09:37:19 UTC 2026
Sun Mar  1 04:32:27 UTC 2026
Mon Mar  2 04:24:58 UTC 2026
Tue Mar  3 04:24:43 UTC 2026
Wed Mar  4 04:18:56 UTC 2026
Thu Mar  5 04:22:13 UTC 2026
Fri Mar  6 04:18:44 UTC 2026
Sat Mar  7 04:10:53 UTC 2026
Sun Mar  8 04:22:07 UTC 2026
Mon Mar  9 04:28:37 UTC 2026
Tue Mar 10 04:19:36 UTC 2026
Wed Mar 11 04:19:55 UTC 2026
Thu Mar 12 04:23:38 UTC 2026
Fri Mar 13 04:22:32 UTC 2026
Sat Mar 14 04:20:33 UTC 2026
Sun Mar 15 04:42:47 UTC 2026
Mon Mar 16 05:01:59 UTC 2026
Tue Mar 17 04:28:34 UTC 2026
Wed Mar 18 04:33:53 UTC 2026
Thu Mar 19 04:32:45 UTC 2026
Fri Mar 20 04:24:12 UTC 2026
Sat Mar 21 04:15:36 UTC 2026
Sun Mar 22 04:30:38 UTC 2026
Mon Mar 23 04:39:21 UTC 2026
